module_play/build/intermediates/manifest_merge_blame_file/debug/manifest-merger-blame-debug-report.txt
1<?xml version="1.0" encoding="utf-8"?>
2<manifest xmlns:android="http://schemas.android.com/apk/res/android"
3    package="com.example.module_play" >
4
5    <uses-sdk
6        android:minSdkVersion="21"
6-->src\main\AndroidManifest.xml
7        android:targetSdkVersion="33" />
7-->src\main\AndroidManifest.xml
8
9    <uses-permission android:name="android.permission.ACCESS_NETWORK_STATE" />
9-->src\main\AndroidManifest.xml:5:5-79
9-->src\main\AndroidManifest.xml:5:22-76
10
11    <application>
11-->src\main\AndroidManifest.xml:6:5-20:19
12        <activity
12-->src\main\AndroidManifest.xml:8:9-11:52
13            android:name="com.example.module_play.ui.play.PlayActivity"
13-->src\main\AndroidManifest.xml:8:19-78
14            android:exported="false"
14-->src\main\AndroidManifest.xml:10:13-37
15            android:launchMode="singleTask"
15-->src\main\AndroidManifest.xml:9:13-44
16            android:screenOrientation="portrait" />
16-->src\main\AndroidManifest.xml:11:13-49
17        <activity
17-->src\main\AndroidManifest.xml:13:9-16:52
18            android:name="com.example.module_play.ui.play.PlayActivity2"
18-->src\main\AndroidManifest.xml:13:19-79
19            android:exported="false"
19-->src\main\AndroidManifest.xml:15:13-37
20            android:launchMode="singleTask"
20-->src\main\AndroidManifest.xml:14:13-44
21            android:screenOrientation="portrait" />
21-->src\main\AndroidManifest.xml:16:13-49
22    </application>
23
24</manifest>